<?xml version="1.0" encoding="UTF-8"?>
<!-- Generated by org.testng.reporters.JUnitReportReporter -->
<testsuite hostname="DESKTOP-A5AHOUV" failures="0" tests="1" name="RoopamParent.JavaPractice.findevenNumber" time="0.011" errors="0" timestamp="2025-07-23T18:36:09 EDT" skipped="0">
  <testcase classname="RoopamParent.JavaPractice.findevenNumber" name="fibbonaciSeries" time="0.011"/>
</testsuite> <!-- RoopamParent.JavaPractice.findevenNumber -->
