<?xml version="1.0" encoding="UTF-8"?>
<!-- Generated by org.testng.reporters.JUnitReportReporter -->
<testsuite hostname="DESKTOP-A5AHOUV" failures="0" tests="1" name="RoopamParent.JavaPractice.UploadDownloadPractice" time="5.409" errors="0" timestamp="2025-07-25T20:17:48 EDT" skipped="0">
  <testcase classname="RoopamParent.JavaPractice.UploadDownloadPractice" name="TestDownload" time="5.409"/>
</testsuite> <!-- RoopamParent.JavaPractice.UploadDownloadPractice -->
