<?xml version="1.0" encoding="UTF-8"?>
<!-- Generated by org.testng.reporters.JUnitReportReporter -->
<testsuite hostname="DESKTOP-A5AHOUV" failures="0" tests="1" name="RoopamParent.JavaPractice.SwapingChars" time="0.015" errors="0" timestamp="2025-07-23T15:13:43 EDT" skipped="0">
  <testcase classname="RoopamParent.JavaPractice.SwapingChars" name="countnumberofWordsinString" time="0.015"/>
</testsuite> <!-- RoopamParent.JavaPractice.SwapingChars -->
