<?xml version="1.0" encoding="UTF-8"?>
<!-- Generated by org.testng.reporters.JUnitReportReporter -->
<testsuite hostname="DESKTOP-A5AHOUV" failures="0" tests="5" name="RoopamParent.JavaPractice.ReverseString" time="13.332" errors="0" timestamp="2025-07-23T14:40:01 EDT" skipped="0">
  <testcase classname="RoopamParent.JavaPractice.ReverseString" name="reverse" time="0.003"/>
  <testcase classname="RoopamParent.JavaPractice.ReverseString" name="converttoArray" time="0.018"/>
  <testcase classname="RoopamParent.JavaPractice.ReverseString" name="onemoreTimeWithUserinput" time="4.160"/>
  <testcase classname="RoopamParent.JavaPractice.ReverseString" name="reverseSysinput" time="9.149"/>
  <testcase classname="RoopamParent.JavaPractice.ReverseString" name="reversewithoutStringBuilder" time="0.002"/>
</testsuite> <!-- RoopamParent.JavaPractice.ReverseString -->
