<?xml version="1.0" encoding="UTF-8"?>
<!-- Generated by org.testng.reporters.JUnitReportReporter -->
<testsuite hostname="DESKTOP-A5AHOUV" failures="0" tests="1" name="RoopamParent.JavaPractice.TestingPractice" time="11.424" errors="0" timestamp="2025-07-25T21:35:44 EDT" skipped="0">
  <testcase classname="RoopamParent.JavaPractice.TestingPractice" name="findElement" time="11.424"/>
</testsuite> <!-- RoopamParent.JavaPractice.TestingPractice -->
