<?xml version="1.0" encoding="UTF-8"?>
<!-- Generated by org.testng.reporters.JUnitReportReporter -->
<testsuite hostname="DESKTOP-A5AHOUV" failures="0" tests="1" name="RoopamParent.JavaPractice.FormFiller" time="13.107" errors="0" timestamp="2025-07-25T22:50:06 EDT" skipped="0">
  <testcase classname="RoopamParent.JavaPractice.FormFiller" name="findElement" time="13.107"/>
</testsuite> <!-- RoopamParent.JavaPractice.FormFiller -->
