<?xml version="1.0" encoding="UTF-8"?>
<!-- Generated by org.testng.reporters.JUnitReportReporter -->
<testsuite hostname="DESKTOP-A5AHOUV" failures="0" tests="1" name="RoopamParent.JavaPractice.findPrimeNumber" time="4.653" errors="0" timestamp="2025-07-23T15:49:12 EDT" skipped="0">
  <testcase classname="RoopamParent.JavaPractice.findPrimeNumber" name="findout" time="4.653"/>
</testsuite> <!-- RoopamParent.JavaPractice.findPrimeNumber -->
